<?xml version="1.0" encoding="UTF-8"?>
<coverage generated="1747676182265" clover="3.2.0">
  <project timestamp="1747676182265" name="All files">
    <metrics statements="10" coveredstatements="10" conditionals="18" coveredconditionals="18" methods="2" coveredmethods="2" elements="30" coveredelements="30" complexity="0" loc="10" ncloc="10" packages="1" files="1" classes="1"/>
    <file name="calculo.js" path="/mnt/5352D20E7E9DD73F/DOCS/FATEC/6 SEMESTRE/INTEGRAÇÃO E ENTREGA CONTÍNUA/validarAluno/calculo.js">
      <metrics statements="10" coveredstatements="10" conditionals="18" coveredconditionals="18" methods="2" coveredmethods="2"/>
      <line num="5" count="8" type="stmt"/>
      <line num="6" count="8" type="stmt"/>
      <line num="9" count="8" type="cond" truecount="4" falsecount="0"/>
      <line num="12" count="5" type="cond" truecount="6" falsecount="0"/>
      <line num="14" count="2" type="stmt"/>
      <line num="18" count="8" type="cond" truecount="4" falsecount="0"/>
      <line num="19" count="6" type="cond" truecount="2" falsecount="0"/>
      <line num="20" count="4" type="cond" truecount="2" falsecount="0"/>
      <line num="21" count="2" type="stmt"/>
      <line num="24" count="1" type="stmt"/>
    </file>
  </project>
</coverage>
